zxing-android-embedded/build/outputs/logs/manifest-merger-debug-report.txt
-- Merging decision tree log ---
manifest
ADDED from QRCodeEnhanced\zxing-android-embedded\AndroidManifest.xml:17:1-44:12
INJECTED from QRCodeEnhanced\zxing-android-embedded\AndroidManifest.xml:17:1-44:12
INJECTED from QRCodeEnhanced\zxing-android-embedded\AndroidManifest.xml:17:1-44:12
	package
		ADDED from QRCodeEnhanced\zxing-android-embedded\AndroidManifest.xml:17:70-111
		INJECTED from QRCodeEnhanced\zxing-android-embedded\AndroidManifest.xml
		INJECTED from QRCodeEnhanced\zxing-android-embedded\AndroidManifest.xml
	xmlns:android
		ADDED from QRCodeEnhanced\zxing-android-embedded\AndroidManifest.xml:17:11-69
uses-permission#android.permission.CAMERA
ADDED from QRCodeEnhanced\zxing-android-embedded\AndroidManifest.xml:19:3-62
	android:name
		ADDED from QRCodeEnhanced\zxing-android-embedded\AndroidManifest.xml:19:20-60
uses-sdk
ADDED from QRCodeEnhanced\zxing-android-embedded\AndroidManifest.xml:22:3-41
	android:minSdkVersion
		ADDED from QRCodeEnhanced\zxing-android-embedded\AndroidManifest.xml:22:13-38
uses-feature#android.hardware.camera
ADDED from QRCodeEnhanced\zxing-android-embedded\AndroidManifest.xml:25:3-82
	android:required
		ADDED from QRCodeEnhanced\zxing-android-embedded\AndroidManifest.xml:25:56-80
	android:name
		ADDED from QRCodeEnhanced\zxing-android-embedded\AndroidManifest.xml:25:17-55
uses-feature#android.hardware.camera.front
ADDED from QRCodeEnhanced\zxing-android-embedded\AndroidManifest.xml:26:3-88
	android:required
		ADDED from QRCodeEnhanced\zxing-android-embedded\AndroidManifest.xml:26:62-86
	android:name
		ADDED from QRCodeEnhanced\zxing-android-embedded\AndroidManifest.xml:26:17-61
uses-feature#android.hardware.camera.autofocus
ADDED from QRCodeEnhanced\zxing-android-embedded\AndroidManifest.xml:29:3-92
	android:required
		ADDED from QRCodeEnhanced\zxing-android-embedded\AndroidManifest.xml:29:66-90
	android:name
		ADDED from QRCodeEnhanced\zxing-android-embedded\AndroidManifest.xml:29:17-65
uses-feature#android.hardware.camera.flash
ADDED from QRCodeEnhanced\zxing-android-embedded\AndroidManifest.xml:30:3-88
	android:required
		ADDED from QRCodeEnhanced\zxing-android-embedded\AndroidManifest.xml:30:62-86
	android:name
		ADDED from QRCodeEnhanced\zxing-android-embedded\AndroidManifest.xml:30:17-61
uses-feature#android.hardware.screen.landscape
ADDED from QRCodeEnhanced\zxing-android-embedded\AndroidManifest.xml:31:3-93
	android:required
		ADDED from QRCodeEnhanced\zxing-android-embedded\AndroidManifest.xml:31:66-90
	android:name
		ADDED from QRCodeEnhanced\zxing-android-embedded\AndroidManifest.xml:31:17-65
uses-feature#android.hardware.wifi
ADDED from QRCodeEnhanced\zxing-android-embedded\AndroidManifest.xml:32:3-80
	android:required
		ADDED from QRCodeEnhanced\zxing-android-embedded\AndroidManifest.xml:32:54-78
	android:name
		ADDED from QRCodeEnhanced\zxing-android-embedded\AndroidManifest.xml:32:17-53
application
ADDED from QRCodeEnhanced\zxing-android-embedded\AndroidManifest.xml:35:3-42:17
activity#com.journeyapps.barcodescanner.CaptureActivity
ADDED from QRCodeEnhanced\zxing-android-embedded\AndroidManifest.xml:36:7-41:66
	android:screenOrientation
		ADDED from QRCodeEnhanced\zxing-android-embedded\AndroidManifest.xml:38:17-60
	android:clearTaskOnLaunch
		ADDED from QRCodeEnhanced\zxing-android-embedded\AndroidManifest.xml:37:17-49
	android:stateNotNeeded
		ADDED from QRCodeEnhanced\zxing-android-embedded\AndroidManifest.xml:39:17-46
	android:windowSoftInputMode
		ADDED from QRCodeEnhanced\zxing-android-embedded\AndroidManifest.xml:41:17-64
	android:theme
		ADDED from QRCodeEnhanced\zxing-android-embedded\AndroidManifest.xml:40:17-58
	android:name
		ADDED from QRCodeEnhanced\zxing-android-embedded\AndroidManifest.xml:36:17-78